# JRE version: OpenJDK Runtime Environment Temurin-21.0.9+10 (21.0.9+10) (build 21.0.9+10-LTS)
# Java VM: OpenJDK 64-Bit Server VM Temurin-21.0.9+10 (21.0.9+10-LTS, mixed mode, sharing, tiered, compressed oops, compressed class ptrs, g1 gc, windows-amd64)
GC Precious Log:
 CardTable entry size: 512
 Card Set container configuration: InlinePtr #cards 4 size 8 Array Of Cards #cards 16 size 48 Howl #buckets 8 coarsen threshold 3686 Howl Bitmap #cards 512 size 80 coarsen threshold 460 Card regions per heap region 1 cards per card region 4096
 CPUs: 16 total, 16 available
 Memory: 16334M
 Large Page Support: Disabled
 NUMA Support: Disabled
 Compressed Oops: Enabled (Zero based)
 Heap Region Size: 2M
 Heap Min Capacity: 8M
 Heap Initial Capacity: 256M
 Heap Max Capacity: 4084M
 Pre-touch: Disabled
 Parallel Workers: 13
 Concurrent Workers: 3
 Concurrent Refinement Workers: 13
 Periodic GC: Disabled
Heap:
 garbage-first heap   total 262144K, used 32867K [0x0000000700c00000, 0x0000000800000000)
  region size 2048K, 18 young (36864K), 2 survivors (4096K)
 Metaspace       used 8052K, committed 8256K, reserved 1114112K
  class space    used 818K, committed 896K, reserved 1048576K
GC Heap History (14 events):
Event: 0.959 GC heap before
{Heap before GC invocations=0 (full 0):
 garbage-first heap   total 262144K, used 22528K [0x0000000700c00000, 0x0000000800000000)
  region size 2048K, 11 young (22528K), 0 survivors (0K)
 Metaspace       used 7452K, committed 7616K, reserved 1114112K
  class space    used 797K, committed 896K, reserved 1048576K
}
Event: 0.961 GC heap after
{Heap after GC invocations=1 (full 0):
 garbage-first heap   total 262144K, used 2204K [0x0000000700c00000, 0x0000000800000000)
  region size 2048K, 2 young (4096K), 2 survivors (4096K)
 Metaspace       used 7452K, committed 7616K, reserved 1114112K
  class space    used 797K, committed 896K, reserved 1048576K
}
Event: 2.613 GC heap before
{Heap before GC invocations=1 (full 0):
 garbage-first heap   total 262144K, used 41116K [0x0000000700c00000, 0x0000000800000000)
  region size 2048K, 21 young (43008K), 2 survivors (4096K)
 Metaspace       used 7792K, committed 8000K, reserved 1114112K
  class space    used 808K, committed 896K, reserved 1048576K
}
Event: 2.615 GC heap after
{Heap after GC invocations=2 (full 0):
 garbage-first heap   total 262144K, used 2145K [0x0000000700c00000, 0x0000000800000000)
  region size 2048K, 2 young (4096K), 2 survivors (4096K)
 Metaspace       used 7792K, committed 8000K, reserved 1114112K
  class space    used 808K, committed 896K, reserved 1048576K
}
Event: 9.224 GC heap before
{Heap before GC invocations=2 (full 0):
 garbage-first heap   total 262144K, used 153697K [0x0000000700c00000, 0x0000000800000000)
  region size 2048K, 76 young (155648K), 2 survivors (4096K)
 Metaspace       used 8038K, committed 8256K, reserved 1114112K
  class space    used 818K, committed 896K, reserved 1048576K
}
Event: 9.226 GC heap after
{Heap after GC invocations=3 (full 0):
 garbage-first heap   total 262144K, used 2245K [0x0000000700c00000, 0x0000000800000000)
  region size 2048K, 2 young (4096K), 2 survivors (4096K)
 Metaspace       used 8038K, committed 8256K, reserved 1114112K
  class space    used 818K, committed 896K, reserved 1048576K
}
Event: 15.800 GC heap before
{Heap before GC invocations=3 (full 0):
 garbage-first heap   total 262144K, used 153797K [0x0000000700c00000, 0x0000000800000000)
  region size 2048K, 76 young (155648K), 2 survivors (4096K)
 Metaspace       used 8047K, committed 8256K, reserved 1114112K
  class space    used 818K, committed 896K, reserved 1048576K
}
Event: 15.802 GC heap after
{Heap after GC invocations=4 (full 0):
 garbage-first heap   total 262144K, used 2194K [0x0000000700c00000, 0x0000000800000000)
  region size 2048K, 2 young (4096K), 2 survivors (4096K)
 Metaspace       used 8047K, committed 8256K, reserved 1114112K
  class space    used 818K, committed 896K, reserved 1048576K
}
Event: 22.313 GC heap before
{Heap before GC invocations=4 (full 0):
 garbage-first heap   total 262144K, used 153746K [0x0000000700c00000, 0x0000000800000000)
  region size 2048K, 76 young (155648K), 2 survivors (4096K)
 Metaspace       used 8050K, committed 8256K, reserved 1114112K
  class space    used 818K, committed 896K, reserved 1048576K
}
Event: 22.314 GC heap after
{Heap after GC invocations=5 (full 0):
 garbage-first heap   total 262144K, used 2246K [0x0000000700c00000, 0x0000000800000000)
  region size 2048K, 2 young (4096K), 2 survivors (4096K)
 Metaspace       used 8050K, committed 8256K, reserved 1114112K
  class space    used 818K, committed 896K, reserved 1048576K
}
Event: 28.818 GC heap before
{Heap before GC invocations=5 (full 0):
 garbage-first heap   total 262144K, used 153798K [0x0000000700c00000, 0x0000000800000000)
  region size 2048K, 76 young (155648K), 2 survivors (4096K)
 Metaspace       used 8051K, committed 8256K, reserved 1114112K
  class space    used 818K, committed 896K, reserved 1048576K
}
Event: 28.820 GC heap after
{Heap after GC invocations=6 (full 0):
 garbage-first heap   total 262144K, used 2297K [0x0000000700c00000, 0x0000000800000000)
  region size 2048K, 2 young (4096K), 2 survivors (4096K)
 Metaspace       used 8051K, committed 8256K, reserved 1114112K
  class space    used 818K, committed 896K, reserved 1048576K
}
Event: 35.305 GC heap before
{Heap before GC invocations=6 (full 0):
 garbage-first heap   total 262144K, used 153849K [0x0000000700c00000, 0x0000000800000000)
  region size 2048K, 76 young (155648K), 2 survivors (4096K)
 Metaspace       used 8052K, committed 8256K, reserved 1114112K
  class space    used 818K, committed 896K, reserved 1048576K
}
Event: 35.307 GC heap after
{Heap after GC invocations=7 (full 0):
 garbage-first heap   total 262144K, used 2147K [0x0000000700c00000, 0x0000000800000000)
  region size 2048K, 2 young (4096K), 2 survivors (4096K)
 Metaspace       used 8052K, committed 8256K, reserved 1114112K
  class space    used 818K, committed 896K, reserved 1048576K
}

